[2025/04/26 23:57:05]: §9          __             _       
[2025/04/26 23:57:05]: §9  _ __   / /  ___   __ _(_)_ __  
[2025/04/26 23:57:05]: §9 | '_ \ / /  / _ \ / _` | | '_ \ 
[2025/04/26 23:57:05]: §9 | | | / /__| (_) | (_| | | | | |
[2025/04/26 23:57:05]: §9 |_| |_\____/\___/ \__, |_|_| |_|
[2025/04/26 23:57:05]: §9                  |___/            
[2025/04/26 23:57:05]: §9 By: www.nickuc.com - V 10.4.23 DEVELOPMENT
[2025/04/26 23:57:05]: §9 
[2025/04/26 23:57:06]: §3[nLogin] [DEBUG] All settings were loaded in 101 ms.
[2025/04/26 23:57:06]: §3[nLogin] [DEBUG] Loading the messages_en.yml message file...
[2025/04/26 23:57:06]: §3[nLogin] [DEBUG] All plugin messages were loaded in 32 ms (languageByClient=false).
[2025/04/26 23:57:06]: §3[nLogin] [DEBUG] All proxy settings were loaded in 6 ms.
[2025/04/26 23:57:06]: §3[nLogin] [DEBUG] Loading database...
[2025/04/26 23:57:06]: §3[nLogin] [DEBUG] Starting logger filter...
[2025/04/26 23:57:11]: 
[2025/04/26 23:57:11]:  §bThank you so much for choosing nLogin! §4<3
[2025/04/26 23:57:11]: 
[2025/04/26 23:57:11]:  §4For your safety, please read the message below:
[2025/04/26 23:57:11]:   §cNever download nLogin from unknown sources.
[2025/04/26 23:57:11]:   §cA modified version may contain malicious software.
[2025/04/26 23:57:11]: 
[2025/04/26 23:57:11]:  §3Trusted sources:
[2025/04/26 23:57:11]:   §bwww.nickuc.com
[2025/04/26 23:57:11]:   §bwww.github.com/nickuc
[2025/04/26 23:57:11]:   §bOpeNLogin installer (from Spigot or GitHub)
[2025/04/26 23:57:11]: 
[2025/04/26 23:57:11]:  §3Official support channels:
[2025/04/26 23:57:11]:   §bDiscord group: §fwww.nickuc.com/discord
[2025/04/26 23:57:11]:   §bDocumentation: §fdocs.nickuc.com/nlogin/
[2025/04/26 23:57:11]:   §bEmail: §fsupport@nickuc.com
[2025/04/26 23:57:11]:   §bYouTube: §fyoutube.com/nickuc
[2025/04/26 23:57:11]: 
[2025/04/26 23:57:11]:  §eTo remove this warning, log in with "nlogin.admin" permission on the server
[2025/04/26 23:57:11]:  §eand click the "Setup plugin" button to configure your plugin.
[2025/04/26 23:57:11]: 
[2025/04/26 23:58:00]: §3[nLogin] [DEBUG] [SQLite] [UPDATE]: "UPDATE `nlogin` SET `last_name` = 'TheRealPopbob', `unique_id` = bcb355755c1e36998d56910184d24297,  `mojang_id` = null,  `bedrock_id` = null,  `password` = '$2a$10$EUoCjUjF7OwubEfRQnCuYulLn3bTd2jUD8kW581iIwsty/ZuaUQz6', `last_ip` = '100.64.0.2', `creation_date` = 2025-04-26 23:49:56.649, `last_seen` = 2025-04-26 23:58:00.125, `email` = null, `discord` = null, `settings` = '{"settings":[{"value":"survival","key":"last-server"},{"value":"en","key":"language"}],"version":0}' WHERE `ai` = 1" (applied to [last_ip, last_seen, settings] columns)
[2025/04/26 23:58:00]: [nLogin] The user TheRealPopbob has successfully logged in.
[2025/04/27 00:00:11]: §3[nLogin] [DEBUG] [SQLite] [UPDATE]: "UPDATE `nlogin` SET `last_name` = 'TheRealPopbob', `unique_id` = bcb355755c1e36998d56910184d24297,  `mojang_id` = null,  `bedrock_id` = null,  `password` = '$2a$10$EUoCjUjF7OwubEfRQnCuYulLn3bTd2jUD8kW581iIwsty/ZuaUQz6', `last_ip` = '100.64.0.2', `creation_date` = 2025-04-26 23:49:56.649, `last_seen` = 2025-04-27 00:00:11.648, `email` = null, `discord` = null, `settings` = '{"settings":[{"value":"survival","key":"last-server"},{"value":"en","key":"language"}],"version":0}' WHERE `ai` = 1" (applied to [last_seen, settings] columns)
[2025/04/27 00:00:42]: [nLogin] Successful plugin core shutdown (took 0.00s)
